0 info it worked if it ends with ok
1 verbose cli [ '/usr/local/Cellar/node/6.9.1/bin/node',
1 verbose cli   '/usr/local/bin/npm',
1 verbose cli   'run',
1 verbose cli   'clean' ]
2 info using npm@3.10.8
3 info using node@v6.9.1
4 verbose run-script [ 'preclean', 'clean', 'postclean' ]
5 info lifecycle react-boilerplate@3.3.3~preclean: react-boilerplate@3.3.3
6 silly lifecycle react-boilerplate@3.3.3~preclean: no script for preclean, continuing
7 info lifecycle react-boilerplate@3.3.3~clean: react-boilerplate@3.3.3
8 verbose lifecycle react-boilerplate@3.3.3~clean: unsafe-perm in lifecycle true
9 verbose lifecycle react-boilerplate@3.3.3~clean: PATH: /usr/local/lib/node_modules/npm/bin/node-gyp-bin:/Users/nicolabertelloni/Desktop/insideout/wordlift/plugin/components/node_modules/.bin:/usr/local/Cellar/node/6.9.1/bin:/usr/local/sbin:/usr/local/bin:/usr/bin:/bin:/usr/sbin:/sbin
10 verbose lifecycle react-boilerplate@3.3.3~clean: CWD: /Users/nicolabertelloni/Desktop/insideout/wordlift/plugin/components
11 silly lifecycle react-boilerplate@3.3.3~clean: Args: [ '-c', 'shjs ./internals/scripts/clean.js' ]
12 silly lifecycle react-boilerplate@3.3.3~clean: Returned: code: 1  signal: null
13 info lifecycle react-boilerplate@3.3.3~clean: Failed to exec clean script
14 verbose stack Error: react-boilerplate@3.3.3 clean: `shjs ./internals/scripts/clean.js`
14 verbose stack Exit status 1
14 verbose stack     at EventEmitter.<anonymous> (/usr/local/lib/node_modules/npm/lib/utils/lifecycle.js:255:16)
14 verbose stack     at emitTwo (events.js:106:13)
14 verbose stack     at EventEmitter.emit (events.js:191:7)
14 verbose stack     at ChildProcess.<anonymous> (/usr/local/lib/node_modules/npm/lib/utils/spawn.js:40:14)
14 verbose stack     at emitTwo (events.js:106:13)
14 verbose stack     at ChildProcess.emit (events.js:191:7)
14 verbose stack     at maybeClose (internal/child_process.js:877:16)
14 verbose stack     at Process.ChildProcess._handle.onexit (internal/child_process.js:226:5)
15 verbose pkgid react-boilerplate@3.3.3
16 verbose cwd /Users/nicolabertelloni/Desktop/insideout/wordlift/plugin/components
17 error Darwin 16.1.0
18 error argv "/usr/local/Cellar/node/6.9.1/bin/node" "/usr/local/bin/npm" "run" "clean"
19 error node v6.9.1
20 error npm  v3.10.8
21 error code ELIFECYCLE
22 error react-boilerplate@3.3.3 clean: `shjs ./internals/scripts/clean.js`
22 error Exit status 1
23 error Failed at the react-boilerplate@3.3.3 clean script 'shjs ./internals/scripts/clean.js'.
23 error Make sure you have the latest version of node.js and npm installed.
23 error If you do, this is most likely a problem with the react-boilerplate package,
23 error not with npm itself.
23 error Tell the author that this fails on your system:
23 error     shjs ./internals/scripts/clean.js
23 error You can get information on how to open an issue for this project with:
23 error     npm bugs react-boilerplate
23 error Or if that isn't available, you can get their info via:
23 error     npm owner ls react-boilerplate
23 error There is likely additional logging output above.
24 verbose exit [ 1, true ]
